<?xml version="1.0" encoding="UTF-8"?>
<testsuite xmlns:xsi="http://www.w3.org/2001/XMLSchema-instance" xsi:noNamespaceSchemaLocation="https://maven.apache.org/surefire/maven-surefire-plugin/xsd/surefire-test-report.xsd" version="3.0.2" name="com.ms.email.EmailApplicationTests" time="32.95" tests="1" errors="0" skipped="0" failures="0">
  <properties>
[...]
</properties>
  <testcase name="contextLoads" classname="com.ms.email.EmailApplicationTests" time="1.99">
    <system-out><![CDATA[15:20:28.299 [main] INFO org.springframework.test.context.support.AnnotationConfigContextLoaderUtils -- Could not detect default configuration classes for test class [com.ms.email.EmailApplicationTests]: EmailApplicationTests does not declare any static, non-private, non-final, nested classes annotated with @Configuration.
15:20:28.597 [main] INFO org.springframework.boot.test.context.SpringBootTestContextBootstrapper -- Found @SpringBootConfiguration com.ms.email.EmailApplication for test class com.ms.email.EmailApplicationTests

  .   ____          _            __ _ _
 /\\ / ___'_ __ _ _(_)_ __  __ _ \ \ \ \
( ( )\___ | '_ | '_| | '_ \/ _` | \ \ \ \
 \\/  ___)| |_)| | | | | || (_| |  ) ) ) )
  '  |____| .__|_| |_|_| |_\__, | / / / /
 =========|_|==============|___/=/_/_/_/

 :: Spring Boot ::                (v3.4.1)

2025-01-11T15:20:30.624-03:00  INFO 248 --- [email] [           main] com.ms.email.EmailApplicationTests       : Starting EmailApplicationTests using Java 17.0.11 with PID 248 (started by Dell in C:\Users\Dell\Desktop\Estudos 2024-2025\microservices\email-rabbitMQ)
2025-01-11T15:20:30.632-03:00  INFO 248 --- [email] [           main] com.ms.email.EmailApplicationTests       : No active profile set, falling back to 1 default profile: "default"
2025-01-11T15:20:35.713-03:00  INFO 248 --- [email] [           main] .s.d.r.c.RepositoryConfigurationDelegate : Bootstrapping Spring Data JPA repositories in DEFAULT mode.
2025-01-11T15:20:36.092-03:00  INFO 248 --- [email] [           main] .s.d.r.c.RepositoryConfigurationDelegate : Finished Spring Data repository scanning in 317 ms. Found 1 JPA repository interface.
2025-01-11T15:20:38.838-03:00  INFO 248 --- [email] [           main] o.hibernate.jpa.internal.util.LogHelper  : HHH000204: Processing PersistenceUnitInfo [name: default]
2025-01-11T15:20:39.409-03:00  INFO 248 --- [email] [           main] org.hibernate.Version                    : HHH000412: Hibernate ORM core version 6.6.4.Final
2025-01-11T15:20:39.788-03:00  INFO 248 --- [email] [           main] o.h.c.internal.RegionFactoryInitiator    : HHH000026: Second-level cache disabled
2025-01-11T15:20:41.576-03:00  INFO 248 --- [email] [           main] o.s.o.j.p.SpringPersistenceUnitInfo      : No LoadTimeWeaver setup: ignoring JPA class transformer
2025-01-11T15:20:41.717-03:00  INFO 248 --- [email] [           main] com.zaxxer.hikari.HikariDataSource       : HikariPool-1 - Starting...
2025-01-11T15:20:43.011-03:00  INFO 248 --- [email] [           main] com.zaxxer.hikari.pool.HikariPool        : HikariPool-1 - Added connection org.postgresql.jdbc.PgConnection@45796b2a
2025-01-11T15:20:43.025-03:00  INFO 248 --- [email] [           main] com.zaxxer.hikari.HikariDataSource       : HikariPool-1 - Start completed.
2025-01-11T15:20:43.240-03:00  INFO 248 --- [email] [           main] org.hibernate.orm.connections.pooling    : HHH10001005: Database info:
	Database JDBC URL [Connecting through datasource 'HikariDataSource (HikariPool-1)']
	Database driver: undefined/unknown
	Database version: 17.2
	Autocommit mode: undefined/unknown
	Isolation level: undefined/unknown
	Minimum pool size: undefined/unknown
	Maximum pool size: undefined/unknown
2025-01-11T15:20:50.302-03:00  INFO 248 --- [email] [           main] o.h.e.t.j.p.i.JtaPlatformInitiator       : HHH000489: No JTA platform available (set 'hibernate.transaction.jta.platform' to enable JTA platform integration)
2025-01-11T15:20:50.853-03:00  INFO 248 --- [email] [           main] j.LocalContainerEntityManagerFactoryBean : Initialized JPA EntityManagerFactory for persistence unit 'default'
2025-01-11T15:20:53.895-03:00  WARN 248 --- [email] [           main] JpaBaseConfiguration$JpaWebConfiguration : spring.jpa.open-in-view is enabled by default. Therefore, database queries may be performed during view rendering. Explicitly configure spring.jpa.open-in-view to disable this warning
2025-01-11T15:20:55.911-03:00  INFO 248 --- [email] [           main] o.s.a.r.c.CachingConnectionFactory       : Attempting to connect to: [possum.lmq.cloudamqp.com:5671]
2025-01-11T15:20:57.428-03:00  INFO 248 --- [email] [           main] o.s.a.r.c.CachingConnectionFactory       : Created new connection: rabbitConnectionFactory#53813f01:0/SimpleConnection@47d7e8b5 [delegate=amqp://jlcsajoj@34.196.5.176:5671/jlcsajoj, localPort=57097]
2025-01-11T15:20:58.568-03:00  INFO 248 --- [email] [           main] com.ms.email.EmailApplicationTests       : Started EmailApplicationTests in 29.275 seconds (process running for 32.63)
]]></system-out>
    <system-err><![CDATA[SLF4J(W): Class path contains multiple SLF4J providers.
SLF4J(W): Found provider [ch.qos.logback.classic.spi.LogbackServiceProvider@7d20d0b]
SLF4J(W): Found provider [org.apache.logging.slf4j.SLF4JServiceProvider@77f1baf5]
SLF4J(W): See https://www.slf4j.org/codes.html#multiple_bindings for an explanation.
SLF4J(I): Actual provider is of type [ch.qos.logback.classic.spi.LogbackServiceProvider@7d20d0b]
]]></system-err>
  </testcase>
</testsuite>